c:\users\séamus\documents\github\gamecraftcork\debug\b2mousejoint.obj
c:\users\séamus\documents\github\gamecraftcork\debug\b2prismaticjoint.obj
c:\users\séamus\documents\github\gamecraftcork\debug\b2pulleyjoint.obj
c:\users\séamus\documents\github\gamecraftcork\debug\b2revolutejoint.obj
c:\users\séamus\documents\github\gamecraftcork\debug\b2ropejoint.obj
c:\users\séamus\documents\github\gamecraftcork\debug\b2weldjoint.obj
c:\users\séamus\documents\github\gamecraftcork\debug\b2wheeljoint.obj
c:\users\séamus\documents\github\gamecraftcork\debug\b2particle.obj
c:\users\séamus\documents\github\gamecraftcork\debug\b2particleassembly.obj
c:\users\séamus\documents\github\gamecraftcork\debug\b2particlegroup.obj
c:\users\séamus\documents\github\gamecraftcork\debug\b2particlesystem.obj
c:\users\séamus\documents\github\gamecraftcork\debug\b2voronoidiagram.obj
c:\users\séamus\documents\github\gamecraftcork\debug\b2rope.obj
c:\users\séamus\documents\github\gamecraftcork\debug\ltexture.obj
c:\users\séamus\documents\github\gamecraftcork\debug\contactlistener.obj
c:\users\séamus\documents\github\gamecraftcork\debug\keyboardmanager.obj
c:\users\séamus\documents\github\gamecraftcork\debug\main.obj
c:\users\séamus\documents\github\gamecraftcork\debug\enemy.obj
c:\users\séamus\documents\github\gamecraftcork\debug\pickup.obj
c:\users\séamus\documents\github\gamecraftcork\debug\player.obj
c:\users\séamus\documents\github\gamecraftcork\debug\b2body.obj
c:\users\séamus\documents\github\gamecraftcork\debug\b2contactmanager.obj
c:\users\séamus\documents\github\gamecraftcork\debug\b2fixture.obj
c:\users\séamus\documents\github\gamecraftcork\debug\b2island.obj
c:\users\séamus\documents\github\gamecraftcork\debug\b2world.obj
c:\users\séamus\documents\github\gamecraftcork\debug\b2worldcallbacks.obj
c:\users\séamus\documents\github\gamecraftcork\debug\b2chainandcirclecontact.obj
c:\users\séamus\documents\github\gamecraftcork\debug\b2chainandpolygoncontact.obj
c:\users\séamus\documents\github\gamecraftcork\debug\b2circlecontact.obj
c:\users\séamus\documents\github\gamecraftcork\debug\b2contact.obj
c:\users\séamus\documents\github\gamecraftcork\debug\b2contactsolver.obj
c:\users\séamus\documents\github\gamecraftcork\debug\b2edgeandcirclecontact.obj
c:\users\séamus\documents\github\gamecraftcork\debug\b2edgeandpolygoncontact.obj
c:\users\séamus\documents\github\gamecraftcork\debug\b2polygonandcirclecontact.obj
c:\users\séamus\documents\github\gamecraftcork\debug\b2polygoncontact.obj
c:\users\séamus\documents\github\gamecraftcork\debug\b2distancejoint.obj
c:\users\séamus\documents\github\gamecraftcork\debug\b2frictionjoint.obj
c:\users\séamus\documents\github\gamecraftcork\debug\b2gearjoint.obj
c:\users\séamus\documents\github\gamecraftcork\debug\b2joint.obj
c:\users\séamus\documents\github\gamecraftcork\debug\b2motorjoint.obj
c:\users\séamus\documents\github\gamecraftcork\debug\b2collidecircle.obj
c:\users\séamus\documents\github\gamecraftcork\debug\b2collideedge.obj
c:\users\séamus\documents\github\gamecraftcork\debug\b2collidepolygon.obj
c:\users\séamus\documents\github\gamecraftcork\debug\b2collision.obj
c:\users\séamus\documents\github\gamecraftcork\debug\b2distance.obj
c:\users\séamus\documents\github\gamecraftcork\debug\b2dynamictree.obj
c:\users\séamus\documents\github\gamecraftcork\debug\b2timeofimpact.obj
c:\users\séamus\documents\github\gamecraftcork\debug\b2chainshape.obj
c:\users\séamus\documents\github\gamecraftcork\debug\b2circleshape.obj
c:\users\séamus\documents\github\gamecraftcork\debug\b2edgeshape.obj
c:\users\séamus\documents\github\gamecraftcork\debug\b2polygonshape.obj
c:\users\séamus\documents\github\gamecraftcork\debug\b2blockallocator.obj
c:\users\séamus\documents\github\gamecraftcork\debug\b2draw.obj
c:\users\séamus\documents\github\gamecraftcork\debug\b2freelist.obj
c:\users\séamus\documents\github\gamecraftcork\debug\b2math.obj
c:\users\séamus\documents\github\gamecraftcork\debug\b2settings.obj
c:\users\séamus\documents\github\gamecraftcork\debug\b2stackallocator.obj
c:\users\séamus\documents\github\gamecraftcork\debug\b2stat.obj
c:\users\séamus\documents\github\gamecraftcork\debug\b2timer.obj
c:\users\séamus\documents\github\gamecraftcork\debug\b2trackedblock.obj
c:\users\séamus\documents\github\gamecraftcork\debug\b2broadphase.obj
c:\users\séamus\documents\github\gamecraftcork\debug\vc100.pdb
c:\users\séamus\documents\github\gamecraftcork\debug\platformer0.ilk
c:\users\séamus\documents\github\gamecraftcork\debug\platformer0.exe
c:\users\séamus\documents\github\gamecraftcork\debug\platformer0.exe.intermediate.manifest
c:\users\séamus\documents\github\gamecraftcork\debug\platformer0.pdb
c:\users\séamus\documents\github\gamecraftcork\debug\platformer0.lib
c:\users\séamus\documents\github\gamecraftcork\debug\platformer0.exp
c:\users\séamus\documents\github\gamecraftcork\debug\cl.command.1.tlog
c:\users\séamus\documents\github\gamecraftcork\debug\cl.read.1.tlog
c:\users\séamus\documents\github\gamecraftcork\debug\cl.write.1.tlog
c:\users\séamus\documents\github\gamecraftcork\debug\link.command.1.tlog
c:\users\séamus\documents\github\gamecraftcork\debug\link.read.1.tlog
c:\users\séamus\documents\github\gamecraftcork\debug\link.write.1.tlog
c:\users\séamus\documents\github\gamecraftcork\debug\mt.command.1.tlog
c:\users\séamus\documents\github\gamecraftcork\debug\mt.read.1.tlog
c:\users\séamus\documents\github\gamecraftcork\debug\mt.write.1.tlog
c:\users\séamus\documents\github\gamecraftcork\debug\platformer0.write.1.tlog
c:\users\séamus\documents\github\gamecraftcork\debug\vc100.idb
